[1725]  core @0.000011> loading application NewApp in /usr/local/lib/perl5/site_perl/5.12.1/Dancer.pm l. 183
[1725]  core @0.000567> initializing appdir to: `/Users/harshal/Developments/Prototypes/Perl/NewApp' in /usr/local/lib/perl5/site_perl/5.12.1/Dancer.pm l. 264
[1725]  core @0.000219> request: GET /api/crap from 127.0.0.1 in /usr/local/lib/perl5/site_perl/5.12.1/Dancer/Handler.pm l. 49
[1725]  core @0.000750> [hit #1] trying to match `/api/crap' against /^\/$/ in /usr/local/lib/perl5/site_perl/5.12.1/Dancer/Route.pm l. 74
[1725]  core @0.000890> [hit #1] trying to match `/api/crap' against /^\/api\/([^\/]+)$/ in /usr/local/lib/perl5/site_perl/5.12.1/Dancer/Route.pm l. 74
[1725]  core @0.001013> [hit #1]   --> got crap in /usr/local/lib/perl5/site_perl/5.12.1/Dancer/Route.pm l. 80
[1725]  core @0.001108> [hit #1]   --> named tokens are: model in /usr/local/lib/perl5/site_perl/5.12.1/Dancer/Route.pm l. 99
[1725]  core @0.001320> [hit #1] entering before hook in /usr/local/lib/perl5/site_perl/5.12.1/Dancer/Route/Registry.pm l. 50
[1725] debug @0.001464> [hit #1] before path is /debug/api/crap in /Users/harshal/Developments/Prototypes/Perl/NewApp/lib/NewApp.pm l. 19
[1725]  core @0.013058> [hit #1] response: 200 in /usr/local/lib/perl5/site_perl/5.12.1/Dancer/Handler.pm l. 140
[1725]  core @0.000200> request: GET /favicon.ico from 127.0.0.1 in /usr/local/lib/perl5/site_perl/5.12.1/Dancer/Handler.pm l. 49
[1725]  core @0.006660> [hit #2] response: 200 in /usr/local/lib/perl5/site_perl/5.12.1/Dancer/Handler.pm l. 140
[1725]  core @0.000246> request: GET /api/Book from 127.0.0.1 in /usr/local/lib/perl5/site_perl/5.12.1/Dancer/Handler.pm l. 49
[1725]  core @0.000907> [hit #3] trying to match `/api/Book' against /^\/$/ in /usr/local/lib/perl5/site_perl/5.12.1/Dancer/Route.pm l. 74
[1725]  core @0.001126> [hit #3] trying to match `/api/Book' against /^\/api\/([^\/]+)$/ in /usr/local/lib/perl5/site_perl/5.12.1/Dancer/Route.pm l. 74
[1725]  core @0.001239> [hit #3]   --> got Book in /usr/local/lib/perl5/site_perl/5.12.1/Dancer/Route.pm l. 80
[1725]  core @0.001329> [hit #3]   --> named tokens are: model in /usr/local/lib/perl5/site_perl/5.12.1/Dancer/Route.pm l. 99
[1725]  core @0.001540> [hit #3] entering before hook in /usr/local/lib/perl5/site_perl/5.12.1/Dancer/Route/Registry.pm l. 50
[1725] debug @0.001679> [hit #3] before path is /debug/api/Book in /Users/harshal/Developments/Prototypes/Perl/NewApp/lib/NewApp.pm l. 19
[1725]  core @0.198745> [hit #3] response: 200 in /usr/local/lib/perl5/site_perl/5.12.1/Dancer/Handler.pm l. 140
[1725]  core @0.000194> request: GET /api/Book from 127.0.0.1 in /usr/local/lib/perl5/site_perl/5.12.1/Dancer/Handler.pm l. 49
[1725]  core @0.000784> [hit #4] trying to match `/api/Book' against /^\/$/ in /usr/local/lib/perl5/site_perl/5.12.1/Dancer/Route.pm l. 74
[1725]  core @0.000947> [hit #4] trying to match `/api/Book' against /^\/api\/([^\/]+)$/ in /usr/local/lib/perl5/site_perl/5.12.1/Dancer/Route.pm l. 74
[1725]  core @0.001094> [hit #4]   --> got Book in /usr/local/lib/perl5/site_perl/5.12.1/Dancer/Route.pm l. 80
[1725]  core @0.001186> [hit #4]   --> named tokens are: model in /usr/local/lib/perl5/site_perl/5.12.1/Dancer/Route.pm l. 99
[1725]  core @0.001369> [hit #4] entering before hook in /usr/local/lib/perl5/site_perl/5.12.1/Dancer/Route/Registry.pm l. 50
[1725] debug @0.001500> [hit #4] before path is /api/Book in /Users/harshal/Developments/Prototypes/Perl/NewApp/lib/NewApp.pm l. 19
[1725]  core @0.146427> [hit #4] response: 200 in /usr/local/lib/perl5/site_perl/5.12.1/Dancer/Handler.pm l. 140
[1905]  core @0.000011> loading application NewApp in /usr/local/lib/perl5/site_perl/5.12.1/Dancer.pm l. 183
[1905]  core @0.000521> initializing appdir to: `/Users/harshal/Developments/Prototypes/Perl/NewApp' in /usr/local/lib/perl5/site_perl/5.12.1/Dancer.pm l. 264
[1905]  core @0.000222> request: GET /api/Book from 127.0.0.1 in /usr/local/lib/perl5/site_perl/5.12.1/Dancer/Handler.pm l. 49
[1905]  core @0.000749> [hit #1] trying to match `/api/Book' against /^\/$/ in /usr/local/lib/perl5/site_perl/5.12.1/Dancer/Route.pm l. 74
[1905]  core @0.000931> [hit #1] trying to match `/api/Book' against /^\/api\/([^\/]+)$/ in /usr/local/lib/perl5/site_perl/5.12.1/Dancer/Route.pm l. 74
[1905]  core @0.001044> [hit #1]   --> got Book in /usr/local/lib/perl5/site_perl/5.12.1/Dancer/Route.pm l. 80
[1905]  core @0.001166> [hit #1]   --> named tokens are: model in /usr/local/lib/perl5/site_perl/5.12.1/Dancer/Route.pm l. 99
[1905]  core @0.001465> [hit #1] entering before hook in /usr/local/lib/perl5/site_perl/5.12.1/Dancer/Route/Registry.pm l. 50
[1905] debug @0.001614> [hit #1] before path is /debug/api/Book in /Users/harshal/Developments/Prototypes/Perl/NewApp/lib/NewApp.pm l. 19
[1905]  core @0.245367> [hit #1] response: 200 in /usr/local/lib/perl5/site_perl/5.12.1/Dancer/Handler.pm l. 140
[1905]  core @0.000247> request: GET /api/crap from 127.0.0.1 in /usr/local/lib/perl5/site_perl/5.12.1/Dancer/Handler.pm l. 49
[1905]  core @0.000895> [hit #2] trying to match `/api/crap' against /^\/$/ in /usr/local/lib/perl5/site_perl/5.12.1/Dancer/Route.pm l. 74
[1905]  core @0.001078> [hit #2] trying to match `/api/crap' against /^\/api\/([^\/]+)$/ in /usr/local/lib/perl5/site_perl/5.12.1/Dancer/Route.pm l. 74
[1905]  core @0.001188> [hit #2]   --> got crap in /usr/local/lib/perl5/site_perl/5.12.1/Dancer/Route.pm l. 80
[1905]  core @0.001277> [hit #2]   --> named tokens are: model in /usr/local/lib/perl5/site_perl/5.12.1/Dancer/Route.pm l. 99
[1905]  core @0.001496> [hit #2] entering before hook in /usr/local/lib/perl5/site_perl/5.12.1/Dancer/Route/Registry.pm l. 50
[1905] debug @0.001631> [hit #2] before path is /debug/api/crap in /Users/harshal/Developments/Prototypes/Perl/NewApp/lib/NewApp.pm l. 19
[1905]  core @0.002707> [hit #2] response: 200 in /usr/local/lib/perl5/site_perl/5.12.1/Dancer/Handler.pm l. 140
[1905]  core @0.000227> request: GET /aps from 127.0.0.1 in /usr/local/lib/perl5/site_perl/5.12.1/Dancer/Handler.pm l. 49
[1905]  core @0.000880> [hit #3] trying to match `/aps' against /^\/$/ in /usr/local/lib/perl5/site_perl/5.12.1/Dancer/Route.pm l. 74
[1905]  core @0.001062> [hit #3] trying to match `/aps' against /^\/api\/([^\/]+)$/ in /usr/local/lib/perl5/site_perl/5.12.1/Dancer/Route.pm l. 74
[1905]  core @0.001257> [hit #3] entering before hook in /usr/local/lib/perl5/site_perl/5.12.1/Dancer/Route/Registry.pm l. 50
[1905] debug @0.001392> [hit #3] before path is /debug/aps in /Users/harshal/Developments/Prototypes/Perl/NewApp/lib/NewApp.pm l. 19
[1905]  core @0.009315> [hit #3] response: 404 in /usr/local/lib/perl5/site_perl/5.12.1/Dancer/Handler.pm l. 140
[1905]  core @0.000137> request: GET /css/error.css from 127.0.0.1 in /usr/local/lib/perl5/site_perl/5.12.1/Dancer/Handler.pm l. 49
[1905]  core @0.000891> [hit #4] response: 200 in /usr/local/lib/perl5/site_perl/5.12.1/Dancer/Handler.pm l. 140
[1915]  core @0.000010> loading application NewApp in /usr/local/lib/perl5/site_perl/5.12.1/Dancer.pm l. 183
[1915]  core @0.000514> initializing appdir to: `/Users/harshal/Developments/Prototypes/Perl/NewApp' in /usr/local/lib/perl5/site_perl/5.12.1/Dancer.pm l. 264
[1915]  core @0.000224> request: GET /aps from 127.0.0.1 in /usr/local/lib/perl5/site_perl/5.12.1/Dancer/Handler.pm l. 49
[1915]  core @0.000753> [hit #1] trying to match `/aps' against /^\/$/ in /usr/local/lib/perl5/site_perl/5.12.1/Dancer/Route.pm l. 74
[1915]  core @0.000957> [hit #1] trying to match `/aps' against /^\/api\/([^\/]+)$/ in /usr/local/lib/perl5/site_perl/5.12.1/Dancer/Route.pm l. 74
[1915]  core @0.010457> [hit #1] response: 404 in /usr/local/lib/perl5/site_perl/5.12.1/Dancer/Handler.pm l. 140
[1915]  core @0.000134> request: GET /css/error.css from 127.0.0.1 in /usr/local/lib/perl5/site_perl/5.12.1/Dancer/Handler.pm l. 49
[1915]  core @0.000730> [hit #2] response: 200 in /usr/local/lib/perl5/site_perl/5.12.1/Dancer/Handler.pm l. 140
[1915]  core @0.000092> request: GET /favicon.ico from 127.0.0.1 in /usr/local/lib/perl5/site_perl/5.12.1/Dancer/Handler.pm l. 49
[1915]  core @0.000509> [hit #3] response: 200 in /usr/local/lib/perl5/site_perl/5.12.1/Dancer/Handler.pm l. 140
[1915]  core @0.000230> request: GET /apssdasd from 127.0.0.1 in /usr/local/lib/perl5/site_perl/5.12.1/Dancer/Handler.pm l. 49
[1915]  core @0.000809> [hit #4] trying to match `/apssdasd' against /^\/$/ in /usr/local/lib/perl5/site_perl/5.12.1/Dancer/Route.pm l. 74
[1915]  core @0.000993> [hit #4] trying to match `/apssdasd' against /^\/api\/([^\/]+)$/ in /usr/local/lib/perl5/site_perl/5.12.1/Dancer/Route.pm l. 74
[1915]  core @0.001707> [hit #4] response: 404 in /usr/local/lib/perl5/site_perl/5.12.1/Dancer/Handler.pm l. 140
[1915]  core @0.000137> request: GET /css/error.css from 127.0.0.1 in /usr/local/lib/perl5/site_perl/5.12.1/Dancer/Handler.pm l. 49
[1915]  core @0.000782> [hit #5] response: 200 in /usr/local/lib/perl5/site_perl/5.12.1/Dancer/Handler.pm l. 140
[2024]  core @0.000016> loading Dancer::Handler::Standalone handler in /usr/local/lib/perl5/site_perl/5.12.1/Dancer/Handler.pm l. 39
[2024]  core @0.000222> loading handler 'Dancer::Handler::Standalone' in /usr/local/lib/perl5/site_perl/5.12.1/Dancer.pm l. 239
[2025]  core @0.000015> loading Dancer::Handler::Standalone handler in /usr/local/lib/perl5/site_perl/5.12.1/Dancer/Handler.pm l. 39
[2025]  core @0.000219> loading handler 'Dancer::Handler::Standalone' in /usr/local/lib/perl5/site_perl/5.12.1/Dancer.pm l. 239
[2025]  core @0.000109> request: GET /debug/apssdasd from 127.0.0.1 in /usr/local/lib/perl5/site_perl/5.12.1/Dancer/Handler.pm l. 49
[2025]  core @0.000510> [hit #1] trying to match `/debug/apssdasd' against /^\/$/ in /usr/local/lib/perl5/site_perl/5.12.1/Dancer/Route.pm l. 74
[2025]  core @0.000651> [hit #1] trying to match `/debug/apssdasd' against /^\/api\/([^\/]+)$/ in /usr/local/lib/perl5/site_perl/5.12.1/Dancer/Route.pm l. 74
[2025]  core @0.000782> [hit #1] entering before hook in /usr/local/lib/perl5/site_perl/5.12.1/Dancer/Route/Registry.pm l. 50
[2025] debug @0.000886> [hit #1] before path is /debug/apssdasd in /Users/harshal/Developments/Prototypes/Perl/NewApp/lib/NewApp.pm l. 19
[2025]  core @0.005471> [hit #1] response: 404 in /usr/local/lib/perl5/site_perl/5.12.1/Dancer/Handler.pm l. 140
[2025]  core @0.000104> request: GET /favicon.ico from 127.0.0.1 in /usr/local/lib/perl5/site_perl/5.12.1/Dancer/Handler.pm l. 49
[2025]  core @0.000632> [hit #2] response: 200 in /usr/local/lib/perl5/site_perl/5.12.1/Dancer/Handler.pm l. 140
[2025]  core @0.000129> request: GET /apssdasd from 127.0.0.1 in /usr/local/lib/perl5/site_perl/5.12.1/Dancer/Handler.pm l. 49
[2025]  core @0.000535> [hit #3] trying to match `/apssdasd' against /^\/$/ in /usr/local/lib/perl5/site_perl/5.12.1/Dancer/Route.pm l. 74
[2025]  core @0.000671> [hit #3] trying to match `/apssdasd' against /^\/api\/([^\/]+)$/ in /usr/local/lib/perl5/site_perl/5.12.1/Dancer/Route.pm l. 74
[2025]  core @0.000807> [hit #3] entering before hook in /usr/local/lib/perl5/site_perl/5.12.1/Dancer/Route/Registry.pm l. 50
[2025] debug @0.000910> [hit #3] before path is /apssdasd in /Users/harshal/Developments/Prototypes/Perl/NewApp/lib/NewApp.pm l. 19
[2025]  core @0.001271> [hit #3] response: 404 in /usr/local/lib/perl5/site_perl/5.12.1/Dancer/Handler.pm l. 140
[2025]  core @0.000105> request: GET /apssdasd from 127.0.0.1 in /usr/local/lib/perl5/site_perl/5.12.1/Dancer/Handler.pm l. 49
[2025]  core @0.000443> [hit #4] trying to match `/apssdasd' against /^\/$/ in /usr/local/lib/perl5/site_perl/5.12.1/Dancer/Route.pm l. 74
[2025]  core @0.000571> [hit #4] trying to match `/apssdasd' against /^\/api\/([^\/]+)$/ in /usr/local/lib/perl5/site_perl/5.12.1/Dancer/Route.pm l. 74
[2025]  core @0.000700> [hit #4] entering before hook in /usr/local/lib/perl5/site_perl/5.12.1/Dancer/Route/Registry.pm l. 50
[2025] debug @0.000797> [hit #4] before path is /apssdasd in /Users/harshal/Developments/Prototypes/Perl/NewApp/lib/NewApp.pm l. 19
[2025]  core @0.001097> [hit #4] response: 404 in /usr/local/lib/perl5/site_perl/5.12.1/Dancer/Handler.pm l. 140
[2025]  core @0.000110> request: GET /favicon.ico from 127.0.0.1 in /usr/local/lib/perl5/site_perl/5.12.1/Dancer/Handler.pm l. 49
[2025]  core @0.000575> [hit #5] response: 200 in /usr/local/lib/perl5/site_perl/5.12.1/Dancer/Handler.pm l. 140
[2025]  core @0.000115> request: GET /Book from 127.0.0.1 in /usr/local/lib/perl5/site_perl/5.12.1/Dancer/Handler.pm l. 49
[2025]  core @0.000542> [hit #6] trying to match `/Book' against /^\/$/ in /usr/local/lib/perl5/site_perl/5.12.1/Dancer/Route.pm l. 74
[2025]  core @0.000689> [hit #6] trying to match `/Book' against /^\/api\/([^\/]+)$/ in /usr/local/lib/perl5/site_perl/5.12.1/Dancer/Route.pm l. 74
[2025]  core @0.000825> [hit #6] entering before hook in /usr/local/lib/perl5/site_perl/5.12.1/Dancer/Route/Registry.pm l. 50
[2025] debug @0.000927> [hit #6] before path is /Book in /Users/harshal/Developments/Prototypes/Perl/NewApp/lib/NewApp.pm l. 19
[2025]  core @0.001289> [hit #6] response: 404 in /usr/local/lib/perl5/site_perl/5.12.1/Dancer/Handler.pm l. 140
[2025]  core @0.000504> request: GET /api/Book from 127.0.0.1 in /usr/local/lib/perl5/site_perl/5.12.1/Dancer/Handler.pm l. 49
[2025]  core @0.000912> [hit #7] trying to match `/api/Book' against /^\/$/ in /usr/local/lib/perl5/site_perl/5.12.1/Dancer/Route.pm l. 74
[2025]  core @0.001049> [hit #7] trying to match `/api/Book' against /^\/api\/([^\/]+)$/ in /usr/local/lib/perl5/site_perl/5.12.1/Dancer/Route.pm l. 74
[2025]  core @0.001161> [hit #7]   --> got Book in /usr/local/lib/perl5/site_perl/5.12.1/Dancer/Route.pm l. 80
[2025]  core @0.001290> [hit #7]   --> named tokens are: model in /usr/local/lib/perl5/site_perl/5.12.1/Dancer/Route.pm l. 99
[2025]  core @0.001460> [hit #7] entering before hook in /usr/local/lib/perl5/site_perl/5.12.1/Dancer/Route/Registry.pm l. 50
[2025] debug @0.001567> [hit #7] before path is /api/Book in /Users/harshal/Developments/Prototypes/Perl/NewApp/lib/NewApp.pm l. 19
[2025]  core @0.189914> [hit #7] response: 200 in /usr/local/lib/perl5/site_perl/5.12.1/Dancer/Handler.pm l. 140
